2019-06-30 02:24:33,323 [main] INFO  com.jnshu.lucky.LuckyApplicationTests - Starting LuckyApplicationTests on DESKTOP-S0O45GG with PID 17380 (started by 59200 in E:\IdeaProjects\lucky)
2019-06-30 02:24:33,324 [main] INFO  com.jnshu.lucky.LuckyApplicationTests - No active profile set, falling back to default profiles: default
2019-06-30 02:24:34,617 [main] INFO  org.springframework.scheduling.concurrent.ThreadPoolTaskExecutor - Initializing ExecutorService 'applicationTaskExecutor'
2019-06-30 02:24:34,909 [main] INFO  org.springframework.scheduling.concurrent.ThreadPoolTaskExecutor - Shutting down ExecutorService 'applicationTaskExecutor'
2019-06-30 02:24:34,915 [main] INFO  o.s.boot.autoconfigure.logging.ConditionEvaluationReportLoggingListener - 

Error starting ApplicationContext. To display the conditions report re-run your application with 'debug' enabled.
2019-06-30 02:29:46,355 [main] INFO  com.jnshu.lucky.LuckyApplicationTests - Starting LuckyApplicationTests on DESKTOP-S0O45GG with PID 17680 (started by 59200 in E:\IdeaProjects\lucky)
2019-06-30 02:29:46,357 [main] INFO  com.jnshu.lucky.LuckyApplicationTests - No active profile set, falling back to default profiles: default
2019-06-30 02:29:47,554 [main] INFO  org.springframework.scheduling.concurrent.ThreadPoolTaskExecutor - Initializing ExecutorService 'applicationTaskExecutor'
2019-06-30 02:29:47,866 [main] INFO  org.springframework.scheduling.concurrent.ThreadPoolTaskExecutor - Shutting down ExecutorService 'applicationTaskExecutor'
2019-06-30 02:29:47,872 [main] INFO  o.s.boot.autoconfigure.logging.ConditionEvaluationReportLoggingListener - 

Error starting ApplicationContext. To display the conditions report re-run your application with 'debug' enabled.
2019-06-30 02:30:17,336 [main] INFO  com.jnshu.lucky.LuckyApplicationTests - Starting LuckyApplicationTests on DESKTOP-S0O45GG with PID 15912 (started by 59200 in E:\IdeaProjects\lucky)
2019-06-30 02:30:17,337 [main] INFO  com.jnshu.lucky.LuckyApplicationTests - No active profile set, falling back to default profiles: default
2019-06-30 02:30:18,212 [main] INFO  o.s.boot.autoconfigure.logging.ConditionEvaluationReportLoggingListener - 

Error starting ApplicationContext. To display the conditions report re-run your application with 'debug' enabled.
2019-06-30 02:34:48,681 [main] INFO  com.jnshu.lucky.LuckyApplicationTests - Starting LuckyApplicationTests on DESKTOP-S0O45GG with PID 16992 (started by 59200 in E:\IdeaProjects\lucky)
2019-06-30 02:34:48,682 [main] INFO  com.jnshu.lucky.LuckyApplicationTests - No active profile set, falling back to default profiles: default
2019-06-30 02:34:50,097 [main] INFO  org.springframework.scheduling.concurrent.ThreadPoolTaskExecutor - Initializing ExecutorService 'applicationTaskExecutor'
2019-06-30 02:34:50,646 [main] INFO  com.jnshu.lucky.LuckyApplicationTests - Started LuckyApplicationTests in 2.347 seconds (JVM running for 3.102)
2019-06-30 02:34:50,688 [Thread-2] INFO  org.springframework.scheduling.concurrent.ThreadPoolTaskExecutor - Shutting down ExecutorService 'applicationTaskExecutor'
2019-06-30 02:38:26,343 [main] INFO  com.jnshu.lucky.LuckyApplicationTests - Starting LuckyApplicationTests on DESKTOP-S0O45GG with PID 6264 (started by 59200 in E:\IdeaProjects\lucky)
2019-06-30 02:38:26,344 [main] INFO  com.jnshu.lucky.LuckyApplicationTests - No active profile set, falling back to default profiles: default
2019-06-30 02:38:27,632 [main] INFO  org.springframework.scheduling.concurrent.ThreadPoolTaskExecutor - Initializing ExecutorService 'applicationTaskExecutor'
2019-06-30 02:38:28,139 [main] INFO  com.jnshu.lucky.LuckyApplicationTests - Started LuckyApplicationTests in 2.17 seconds (JVM running for 2.865)
2019-06-30 02:38:28,183 [Thread-2] INFO  org.springframework.scheduling.concurrent.ThreadPoolTaskExecutor - Shutting down ExecutorService 'applicationTaskExecutor'
2019-06-30 02:45:38,227 [main] INFO  com.jnshu.lucky.LuckyApplicationTests - Starting LuckyApplicationTests on DESKTOP-S0O45GG with PID 15836 (started by 59200 in E:\IdeaProjects\lucky)
2019-06-30 02:45:38,228 [main] INFO  com.jnshu.lucky.LuckyApplicationTests - No active profile set, falling back to default profiles: default
2019-06-30 02:45:39,439 [main] INFO  org.springframework.scheduling.concurrent.ThreadPoolTaskExecutor - Initializing ExecutorService 'applicationTaskExecutor'
2019-06-30 02:45:39,959 [main] INFO  com.jnshu.lucky.LuckyApplicationTests - Started LuckyApplicationTests in 2.074 seconds (JVM running for 2.763)
2019-06-30 02:45:39,998 [Thread-2] INFO  org.springframework.scheduling.concurrent.ThreadPoolTaskExecutor - Shutting down ExecutorService 'applicationTaskExecutor'
2019-06-30 02:47:00,373 [main] INFO  com.jnshu.lucky.LuckyApplicationTests - Starting LuckyApplicationTests on DESKTOP-S0O45GG with PID 17940 (started by 59200 in E:\IdeaProjects\lucky)
2019-06-30 02:47:00,374 [main] INFO  com.jnshu.lucky.LuckyApplicationTests - No active profile set, falling back to default profiles: default
2019-06-30 02:47:01,570 [main] INFO  org.springframework.scheduling.concurrent.ThreadPoolTaskExecutor - Initializing ExecutorService 'applicationTaskExecutor'
2019-06-30 02:47:02,075 [main] INFO  com.jnshu.lucky.LuckyApplicationTests - Started LuckyApplicationTests in 2.044 seconds (JVM running for 2.737)
2019-06-30 02:47:02,119 [Thread-2] INFO  org.springframework.scheduling.concurrent.ThreadPoolTaskExecutor - Shutting down ExecutorService 'applicationTaskExecutor'
2019-06-30 02:51:57,329 [main] INFO  com.jnshu.lucky.LuckyApplicationTests - Starting LuckyApplicationTests on DESKTOP-S0O45GG with PID 18260 (started by 59200 in E:\IdeaProjects\lucky)
2019-06-30 02:51:57,331 [main] INFO  com.jnshu.lucky.LuckyApplicationTests - No active profile set, falling back to default profiles: default
2019-06-30 02:51:58,524 [main] INFO  org.springframework.scheduling.concurrent.ThreadPoolTaskExecutor - Initializing ExecutorService 'applicationTaskExecutor'
2019-06-30 02:51:59,019 [main] INFO  com.jnshu.lucky.LuckyApplicationTests - Started LuckyApplicationTests in 2.041 seconds (JVM running for 2.711)
2019-06-30 02:51:59,062 [Thread-2] INFO  org.springframework.scheduling.concurrent.ThreadPoolTaskExecutor - Shutting down ExecutorService 'applicationTaskExecutor'
2019-06-30 03:13:21,312 [main] INFO  com.jnshu.lucky.LuckyApplicationTests - Starting LuckyApplicationTests on DESKTOP-S0O45GG with PID 17888 (started by 59200 in E:\IdeaProjects\lucky)
2019-06-30 03:13:21,313 [main] INFO  com.jnshu.lucky.LuckyApplicationTests - No active profile set, falling back to default profiles: default
2019-06-30 03:13:22,719 [main] INFO  org.springframework.scheduling.concurrent.ThreadPoolTaskExecutor - Initializing ExecutorService 'applicationTaskExecutor'
2019-06-30 03:13:22,988 [main] INFO  com.jnshu.lucky.LuckyApplicationTests - Started LuckyApplicationTests in 2.041 seconds (JVM running for 2.748)
2019-06-30 03:13:23,306 [main] INFO  com.zaxxer.hikari.HikariDataSource - HikariPool-1 - Starting...
2019-06-30 03:13:24,868 [main] INFO  com.zaxxer.hikari.HikariDataSource - HikariPool-1 - Start completed.
2019-06-30 03:13:25,038 [Thread-2] INFO  org.springframework.scheduling.concurrent.ThreadPoolTaskExecutor - Shutting down ExecutorService 'applicationTaskExecutor'
2019-06-30 03:13:25,039 [Thread-2] INFO  com.zaxxer.hikari.HikariDataSource - HikariPool-1 - Shutdown initiated...
2019-06-30 03:13:25,052 [Thread-2] INFO  com.zaxxer.hikari.HikariDataSource - HikariPool-1 - Shutdown completed.
2019-06-30 03:13:46,086 [main] INFO  com.jnshu.lucky.LuckyApplicationTests - Starting LuckyApplicationTests on DESKTOP-S0O45GG with PID 7580 (started by 59200 in E:\IdeaProjects\lucky)
2019-06-30 03:13:46,087 [main] INFO  com.jnshu.lucky.LuckyApplicationTests - No active profile set, falling back to default profiles: default
2019-06-30 03:13:47,485 [main] INFO  org.springframework.scheduling.concurrent.ThreadPoolTaskExecutor - Initializing ExecutorService 'applicationTaskExecutor'
2019-06-30 03:13:47,761 [main] INFO  com.jnshu.lucky.LuckyApplicationTests - Started LuckyApplicationTests in 2.023 seconds (JVM running for 2.72)
2019-06-30 03:13:47,900 [main] INFO  com.zaxxer.hikari.HikariDataSource - HikariPool-1 - Starting...
2019-06-30 03:13:49,400 [main] INFO  com.zaxxer.hikari.HikariDataSource - HikariPool-1 - Start completed.
2019-06-30 03:13:49,443 [Thread-2] INFO  org.springframework.scheduling.concurrent.ThreadPoolTaskExecutor - Shutting down ExecutorService 'applicationTaskExecutor'
2019-06-30 03:13:49,444 [Thread-2] INFO  com.zaxxer.hikari.HikariDataSource - HikariPool-1 - Shutdown initiated...
2019-06-30 03:13:49,447 [Thread-2] INFO  com.zaxxer.hikari.HikariDataSource - HikariPool-1 - Shutdown completed.
2019-06-30 03:14:11,299 [main] INFO  com.jnshu.lucky.LuckyApplicationTests - Starting LuckyApplicationTests on DESKTOP-S0O45GG with PID 6140 (started by 59200 in E:\IdeaProjects\lucky)
2019-06-30 03:14:11,299 [main] INFO  com.jnshu.lucky.LuckyApplicationTests - No active profile set, falling back to default profiles: default
2019-06-30 03:14:12,499 [main] INFO  org.springframework.scheduling.concurrent.ThreadPoolTaskExecutor - Initializing ExecutorService 'applicationTaskExecutor'
2019-06-30 03:14:13,070 [main] INFO  com.jnshu.lucky.LuckyApplicationTests - Started LuckyApplicationTests in 2.119 seconds (JVM running for 2.787)
2019-06-30 03:14:13,107 [Thread-2] INFO  org.springframework.scheduling.concurrent.ThreadPoolTaskExecutor - Shutting down ExecutorService 'applicationTaskExecutor'
2019-06-30 03:14:37,393 [main] INFO  com.jnshu.lucky.LuckyApplicationTests - Starting LuckyApplicationTests on DESKTOP-S0O45GG with PID 9708 (started by 59200 in E:\IdeaProjects\lucky)
2019-06-30 03:14:37,394 [main] INFO  com.jnshu.lucky.LuckyApplicationTests - No active profile set, falling back to default profiles: default
2019-06-30 03:14:38,887 [main] INFO  org.springframework.scheduling.concurrent.ThreadPoolTaskExecutor - Initializing ExecutorService 'applicationTaskExecutor'
2019-06-30 03:14:39,162 [main] INFO  com.jnshu.lucky.LuckyApplicationTests - Started LuckyApplicationTests in 2.12 seconds (JVM running for 2.8)
2019-06-30 03:14:39,314 [main] INFO  com.zaxxer.hikari.HikariDataSource - HikariPool-1 - Starting...
2019-06-30 03:14:40,862 [main] INFO  com.zaxxer.hikari.HikariDataSource - HikariPool-1 - Start completed.
2019-06-30 03:14:40,915 [Thread-2] INFO  org.springframework.scheduling.concurrent.ThreadPoolTaskExecutor - Shutting down ExecutorService 'applicationTaskExecutor'
2019-06-30 03:14:40,916 [Thread-2] INFO  com.zaxxer.hikari.HikariDataSource - HikariPool-1 - Shutdown initiated...
2019-06-30 03:14:40,918 [Thread-2] INFO  com.zaxxer.hikari.HikariDataSource - HikariPool-1 - Shutdown completed.
2019-06-30 14:22:23,041 [main] INFO  com.jnshu.lucky.LuckyApplicationTests - Starting LuckyApplicationTests on DESKTOP-S0O45GG with PID 5644 (started by 59200 in E:\IdeaProjects\lucky)
2019-06-30 14:22:23,042 [main] INFO  com.jnshu.lucky.LuckyApplicationTests - No active profile set, falling back to default profiles: default
2019-06-30 14:22:24,707 [main] INFO  org.springframework.scheduling.concurrent.ThreadPoolTaskExecutor - Initializing ExecutorService 'applicationTaskExecutor'
2019-06-30 14:22:25,011 [main] INFO  com.jnshu.lucky.LuckyApplicationTests - Started LuckyApplicationTests in 2.766 seconds (JVM running for 3.97)
2019-06-30 14:22:25,056 [Thread-2] INFO  org.springframework.scheduling.concurrent.ThreadPoolTaskExecutor - Shutting down ExecutorService 'applicationTaskExecutor'
2019-06-30 14:22:59,392 [main] INFO  com.jnshu.lucky.LuckyApplicationTests - Starting LuckyApplicationTests on DESKTOP-S0O45GG with PID 15880 (started by 59200 in E:\IdeaProjects\lucky)
2019-06-30 14:22:59,393 [main] INFO  com.jnshu.lucky.LuckyApplicationTests - No active profile set, falling back to default profiles: default
2019-06-30 14:23:00,776 [main] INFO  org.springframework.scheduling.concurrent.ThreadPoolTaskExecutor - Initializing ExecutorService 'applicationTaskExecutor'
2019-06-30 14:23:01,041 [main] INFO  com.jnshu.lucky.LuckyApplicationTests - Started LuckyApplicationTests in 1.999 seconds (JVM running for 2.745)
2019-06-30 14:23:01,078 [Thread-2] INFO  org.springframework.scheduling.concurrent.ThreadPoolTaskExecutor - Shutting down ExecutorService 'applicationTaskExecutor'
2019-06-30 14:24:11,384 [main] INFO  com.jnshu.lucky.LuckyApplicationTests - Starting LuckyApplicationTests on DESKTOP-S0O45GG with PID 16676 (started by 59200 in E:\IdeaProjects\lucky)
2019-06-30 14:24:11,385 [main] INFO  com.jnshu.lucky.LuckyApplicationTests - No active profile set, falling back to default profiles: default
2019-06-30 14:24:12,985 [main] INFO  org.springframework.scheduling.concurrent.ThreadPoolTaskExecutor - Initializing ExecutorService 'applicationTaskExecutor'
2019-06-30 14:24:13,252 [main] INFO  com.jnshu.lucky.LuckyApplicationTests - Started LuckyApplicationTests in 2.292 seconds (JVM running for 3.116)
2019-06-30 14:24:13,294 [Thread-2] INFO  org.springframework.scheduling.concurrent.ThreadPoolTaskExecutor - Shutting down ExecutorService 'applicationTaskExecutor'
2019-06-30 14:32:15,893 [main] INFO  com.jnshu.lucky.LuckyApplicationTests - Starting LuckyApplicationTests on DESKTOP-S0O45GG with PID 17992 (started by 59200 in E:\IdeaProjects\lucky)
2019-06-30 14:32:15,894 [main] INFO  com.jnshu.lucky.LuckyApplicationTests - No active profile set, falling back to default profiles: default
2019-06-30 14:32:17,276 [main] INFO  org.springframework.scheduling.concurrent.ThreadPoolTaskExecutor - Initializing ExecutorService 'applicationTaskExecutor'
2019-06-30 14:32:17,548 [main] INFO  com.jnshu.lucky.LuckyApplicationTests - Started LuckyApplicationTests in 2.009 seconds (JVM running for 2.688)
2019-06-30 14:32:17,585 [Thread-2] INFO  org.springframework.scheduling.concurrent.ThreadPoolTaskExecutor - Shutting down ExecutorService 'applicationTaskExecutor'
2019-06-30 14:33:54,780 [main] INFO  com.jnshu.lucky.LuckyApplicationTests - Starting LuckyApplicationTests on DESKTOP-S0O45GG with PID 1508 (started by 59200 in E:\IdeaProjects\lucky)
2019-06-30 14:33:54,780 [main] INFO  com.jnshu.lucky.LuckyApplicationTests - No active profile set, falling back to default profiles: default
2019-06-30 14:33:56,163 [main] INFO  org.springframework.scheduling.concurrent.ThreadPoolTaskExecutor - Initializing ExecutorService 'applicationTaskExecutor'
2019-06-30 14:33:56,446 [main] INFO  com.jnshu.lucky.LuckyApplicationTests - Started LuckyApplicationTests in 2.012 seconds (JVM running for 2.719)
2019-06-30 14:33:56,483 [Thread-2] INFO  org.springframework.scheduling.concurrent.ThreadPoolTaskExecutor - Shutting down ExecutorService 'applicationTaskExecutor'
2019-06-30 14:37:50,724 [main] INFO  com.jnshu.lucky.LuckyApplicationTests - Starting LuckyApplicationTests on DESKTOP-S0O45GG with PID 10588 (started by 59200 in E:\IdeaProjects\lucky)
2019-06-30 14:37:50,726 [main] INFO  com.jnshu.lucky.LuckyApplicationTests - No active profile set, falling back to default profiles: default
2019-06-30 14:37:52,289 [main] INFO  org.springframework.scheduling.concurrent.ThreadPoolTaskExecutor - Initializing ExecutorService 'applicationTaskExecutor'
2019-06-30 14:37:52,631 [main] INFO  com.jnshu.lucky.LuckyApplicationTests - Started LuckyApplicationTests in 2.306 seconds (JVM running for 4.096)
2019-06-30 14:37:52,688 [Thread-2] INFO  org.springframework.scheduling.concurrent.ThreadPoolTaskExecutor - Shutting down ExecutorService 'applicationTaskExecutor'
2019-06-30 14:42:00,085 [main] INFO  com.jnshu.lucky.LuckyApplicationTests - Starting LuckyApplicationTests on DESKTOP-S0O45GG with PID 18852 (started by 59200 in E:\IdeaProjects\lucky)
2019-06-30 14:42:00,086 [main] INFO  com.jnshu.lucky.LuckyApplicationTests - No active profile set, falling back to default profiles: default
2019-06-30 14:42:01,566 [main] INFO  org.springframework.scheduling.concurrent.ThreadPoolTaskExecutor - Initializing ExecutorService 'applicationTaskExecutor'
2019-06-30 14:42:01,837 [main] INFO  com.jnshu.lucky.LuckyApplicationTests - Started LuckyApplicationTests in 2.122 seconds (JVM running for 2.805)
2019-06-30 14:42:02,275 [main] INFO  com.zaxxer.hikari.HikariDataSource - HikariPool-1 - Starting...
2019-06-30 14:42:04,229 [main] INFO  com.zaxxer.hikari.HikariDataSource - HikariPool-1 - Start completed.
2019-06-30 14:42:04,326 [Thread-2] INFO  org.springframework.scheduling.concurrent.ThreadPoolTaskExecutor - Shutting down ExecutorService 'applicationTaskExecutor'
2019-06-30 14:42:04,326 [Thread-2] INFO  com.zaxxer.hikari.HikariDataSource - HikariPool-1 - Shutdown initiated...
2019-06-30 14:42:04,339 [Thread-2] INFO  com.zaxxer.hikari.HikariDataSource - HikariPool-1 - Shutdown completed.
2019-06-30 14:53:14,537 [main] INFO  com.jnshu.lucky.LuckyApplicationTests - Starting LuckyApplicationTests on DESKTOP-S0O45GG with PID 3192 (started by 59200 in E:\IdeaProjects\lucky)
2019-06-30 14:53:14,538 [main] INFO  com.jnshu.lucky.LuckyApplicationTests - No active profile set, falling back to default profiles: default
2019-06-30 14:53:16,005 [main] INFO  org.springframework.scheduling.concurrent.ThreadPoolTaskExecutor - Initializing ExecutorService 'applicationTaskExecutor'
2019-06-30 14:53:16,268 [main] INFO  com.jnshu.lucky.LuckyApplicationTests - Started LuckyApplicationTests in 2.091 seconds (JVM running for 2.772)
2019-06-30 14:53:16,410 [main] INFO  com.zaxxer.hikari.HikariDataSource - HikariPool-1 - Starting...
2019-06-30 14:53:17,888 [main] INFO  com.zaxxer.hikari.HikariDataSource - HikariPool-1 - Start completed.
2019-06-30 14:53:18,058 [Thread-2] INFO  org.springframework.scheduling.concurrent.ThreadPoolTaskExecutor - Shutting down ExecutorService 'applicationTaskExecutor'
2019-06-30 14:53:18,059 [Thread-2] INFO  com.zaxxer.hikari.HikariDataSource - HikariPool-1 - Shutdown initiated...
2019-06-30 14:53:18,068 [Thread-2] INFO  com.zaxxer.hikari.HikariDataSource - HikariPool-1 - Shutdown completed.
2019-06-30 14:55:01,872 [main] INFO  com.jnshu.lucky.LuckyApplicationTests - Starting LuckyApplicationTests on DESKTOP-S0O45GG with PID 14688 (started by 59200 in E:\IdeaProjects\lucky)
2019-06-30 14:55:01,873 [main] INFO  com.jnshu.lucky.LuckyApplicationTests - No active profile set, falling back to default profiles: default
2019-06-30 14:55:03,252 [main] INFO  org.springframework.scheduling.concurrent.ThreadPoolTaskExecutor - Initializing ExecutorService 'applicationTaskExecutor'
2019-06-30 14:55:03,531 [main] INFO  com.jnshu.lucky.LuckyApplicationTests - Started LuckyApplicationTests in 2.021 seconds (JVM running for 2.744)
2019-06-30 14:55:03,677 [main] INFO  com.zaxxer.hikari.HikariDataSource - HikariPool-1 - Starting...
2019-06-30 14:55:05,165 [main] INFO  com.zaxxer.hikari.HikariDataSource - HikariPool-1 - Start completed.
2019-06-30 14:55:05,207 [Thread-2] INFO  org.springframework.scheduling.concurrent.ThreadPoolTaskExecutor - Shutting down ExecutorService 'applicationTaskExecutor'
2019-06-30 14:55:05,207 [Thread-2] INFO  com.zaxxer.hikari.HikariDataSource - HikariPool-1 - Shutdown initiated...
2019-06-30 14:55:05,210 [Thread-2] INFO  com.zaxxer.hikari.HikariDataSource - HikariPool-1 - Shutdown completed.
2019-06-30 14:56:57,816 [main] INFO  com.jnshu.lucky.LuckyApplicationTests - Starting LuckyApplicationTests on DESKTOP-S0O45GG with PID 19116 (started by 59200 in E:\IdeaProjects\lucky)
2019-06-30 14:56:57,817 [main] INFO  com.jnshu.lucky.LuckyApplicationTests - No active profile set, falling back to default profiles: default
2019-06-30 14:56:59,312 [main] INFO  org.springframework.scheduling.concurrent.ThreadPoolTaskExecutor - Initializing ExecutorService 'applicationTaskExecutor'
2019-06-30 14:56:59,580 [main] INFO  com.jnshu.lucky.LuckyApplicationTests - Started LuckyApplicationTests in 2.122 seconds (JVM running for 2.811)
2019-06-30 14:56:59,728 [main] INFO  com.zaxxer.hikari.HikariDataSource - HikariPool-1 - Starting...
2019-06-30 14:57:01,247 [main] INFO  com.zaxxer.hikari.HikariDataSource - HikariPool-1 - Start completed.
2019-06-30 14:57:01,449 [Thread-2] INFO  org.springframework.scheduling.concurrent.ThreadPoolTaskExecutor - Shutting down ExecutorService 'applicationTaskExecutor'
2019-06-30 14:57:01,450 [Thread-2] INFO  com.zaxxer.hikari.HikariDataSource - HikariPool-1 - Shutdown initiated...
2019-06-30 14:57:01,461 [Thread-2] INFO  com.zaxxer.hikari.HikariDataSource - HikariPool-1 - Shutdown completed.
2019-06-30 14:58:37,527 [main] INFO  com.jnshu.lucky.LuckyApplicationTests - Starting LuckyApplicationTests on DESKTOP-S0O45GG with PID 13440 (started by 59200 in E:\IdeaProjects\lucky)
2019-06-30 14:58:37,528 [main] INFO  com.jnshu.lucky.LuckyApplicationTests - No active profile set, falling back to default profiles: default
2019-06-30 14:58:38,961 [main] INFO  org.springframework.scheduling.concurrent.ThreadPoolTaskExecutor - Initializing ExecutorService 'applicationTaskExecutor'
2019-06-30 14:58:39,229 [main] INFO  com.jnshu.lucky.LuckyApplicationTests - Started LuckyApplicationTests in 2.046 seconds (JVM running for 2.74)
2019-06-30 14:58:39,370 [main] INFO  com.zaxxer.hikari.HikariDataSource - HikariPool-1 - Starting...
2019-06-30 14:58:40,899 [main] INFO  com.zaxxer.hikari.HikariDataSource - HikariPool-1 - Start completed.
2019-06-30 14:58:40,943 [Thread-2] INFO  org.springframework.scheduling.concurrent.ThreadPoolTaskExecutor - Shutting down ExecutorService 'applicationTaskExecutor'
2019-06-30 14:58:40,944 [Thread-2] INFO  com.zaxxer.hikari.HikariDataSource - HikariPool-1 - Shutdown initiated...
2019-06-30 14:58:40,946 [Thread-2] INFO  com.zaxxer.hikari.HikariDataSource - HikariPool-1 - Shutdown completed.
2019-06-30 14:58:55,079 [main] INFO  com.jnshu.lucky.LuckyApplicationTests - Starting LuckyApplicationTests on DESKTOP-S0O45GG with PID 17736 (started by 59200 in E:\IdeaProjects\lucky)
2019-06-30 14:58:55,080 [main] INFO  com.jnshu.lucky.LuckyApplicationTests - No active profile set, falling back to default profiles: default
2019-06-30 14:58:56,536 [main] INFO  org.springframework.scheduling.concurrent.ThreadPoolTaskExecutor - Initializing ExecutorService 'applicationTaskExecutor'
2019-06-30 14:58:56,868 [main] INFO  com.jnshu.lucky.LuckyApplicationTests - Started LuckyApplicationTests in 2.157 seconds (JVM running for 3.767)
2019-06-30 14:58:59,450 [main] INFO  com.zaxxer.hikari.HikariDataSource - HikariPool-1 - Starting...
2019-06-30 14:59:02,140 [main] INFO  com.zaxxer.hikari.HikariDataSource - HikariPool-1 - Start completed.
2019-06-30 15:00:56,055 [main] INFO  com.jnshu.lucky.LuckyApplicationTests - Starting LuckyApplicationTests on DESKTOP-S0O45GG with PID 1556 (started by 59200 in E:\IdeaProjects\lucky)
2019-06-30 15:00:56,057 [main] INFO  com.jnshu.lucky.LuckyApplicationTests - No active profile set, falling back to default profiles: default
2019-06-30 15:00:57,488 [main] INFO  org.springframework.scheduling.concurrent.ThreadPoolTaskExecutor - Initializing ExecutorService 'applicationTaskExecutor'
2019-06-30 15:00:57,757 [main] INFO  com.jnshu.lucky.LuckyApplicationTests - Started LuckyApplicationTests in 2.055 seconds (JVM running for 2.748)
2019-06-30 15:00:57,894 [main] INFO  com.zaxxer.hikari.HikariDataSource - HikariPool-1 - Starting...
2019-06-30 15:00:59,425 [main] INFO  com.zaxxer.hikari.HikariDataSource - HikariPool-1 - Start completed.
2019-06-30 15:00:59,487 [Thread-2] INFO  org.springframework.scheduling.concurrent.ThreadPoolTaskExecutor - Shutting down ExecutorService 'applicationTaskExecutor'
2019-06-30 15:00:59,487 [Thread-2] INFO  com.zaxxer.hikari.HikariDataSource - HikariPool-1 - Shutdown initiated...
2019-06-30 15:00:59,490 [Thread-2] INFO  com.zaxxer.hikari.HikariDataSource - HikariPool-1 - Shutdown completed.
2019-06-30 15:01:06,112 [main] INFO  com.jnshu.lucky.LuckyApplicationTests - Starting LuckyApplicationTests on DESKTOP-S0O45GG with PID 19624 (started by 59200 in E:\IdeaProjects\lucky)
2019-06-30 15:01:06,113 [main] INFO  com.jnshu.lucky.LuckyApplicationTests - No active profile set, falling back to default profiles: default
2019-06-30 15:01:07,464 [main] INFO  org.springframework.scheduling.concurrent.ThreadPoolTaskExecutor - Initializing ExecutorService 'applicationTaskExecutor'
2019-06-30 15:01:07,738 [main] INFO  com.jnshu.lucky.LuckyApplicationTests - Started LuckyApplicationTests in 1.993 seconds (JVM running for 2.686)
2019-06-30 15:01:07,877 [main] INFO  com.zaxxer.hikari.HikariDataSource - HikariPool-1 - Starting...
2019-06-30 15:01:09,403 [main] INFO  com.zaxxer.hikari.HikariDataSource - HikariPool-1 - Start completed.
2019-06-30 15:01:09,445 [Thread-2] INFO  org.springframework.scheduling.concurrent.ThreadPoolTaskExecutor - Shutting down ExecutorService 'applicationTaskExecutor'
2019-06-30 15:01:09,445 [Thread-2] INFO  com.zaxxer.hikari.HikariDataSource - HikariPool-1 - Shutdown initiated...
2019-06-30 15:01:09,448 [Thread-2] INFO  com.zaxxer.hikari.HikariDataSource - HikariPool-1 - Shutdown completed.
2019-06-30 15:06:04,757 [Thread-2] INFO  org.springframework.scheduling.concurrent.ThreadPoolTaskExecutor - Shutting down ExecutorService 'applicationTaskExecutor'
2019-06-30 15:06:04,758 [Thread-2] INFO  com.zaxxer.hikari.HikariDataSource - HikariPool-1 - Shutdown initiated...
2019-06-30 15:06:04,773 [Thread-2] INFO  com.zaxxer.hikari.HikariDataSource - HikariPool-1 - Shutdown completed.
2019-06-30 15:06:07,964 [main] INFO  com.jnshu.lucky.LuckyApplicationTests - Starting LuckyApplicationTests on DESKTOP-S0O45GG with PID 18732 (started by 59200 in E:\IdeaProjects\lucky)
2019-06-30 15:06:07,965 [main] INFO  com.jnshu.lucky.LuckyApplicationTests - No active profile set, falling back to default profiles: default
2019-06-30 15:06:09,440 [main] INFO  org.springframework.scheduling.concurrent.ThreadPoolTaskExecutor - Initializing ExecutorService 'applicationTaskExecutor'
2019-06-30 15:06:09,738 [main] INFO  com.jnshu.lucky.LuckyApplicationTests - Started LuckyApplicationTests in 2.124 seconds (JVM running for 2.815)
2019-06-30 15:06:09,887 [main] INFO  com.zaxxer.hikari.HikariDataSource - HikariPool-1 - Starting...
2019-06-30 15:06:11,418 [main] INFO  com.zaxxer.hikari.HikariDataSource - HikariPool-1 - Start completed.
2019-06-30 15:06:11,467 [Thread-2] INFO  org.springframework.scheduling.concurrent.ThreadPoolTaskExecutor - Shutting down ExecutorService 'applicationTaskExecutor'
2019-06-30 15:06:11,468 [Thread-2] INFO  com.zaxxer.hikari.HikariDataSource - HikariPool-1 - Shutdown initiated...
2019-06-30 15:06:11,471 [Thread-2] INFO  com.zaxxer.hikari.HikariDataSource - HikariPool-1 - Shutdown completed.
2019-06-30 15:11:20,009 [main] INFO  com.jnshu.lucky.LuckyApplicationTests - Starting LuckyApplicationTests on DESKTOP-S0O45GG with PID 21484 (started by 59200 in E:\IdeaProjects\lucky)
2019-06-30 15:11:20,010 [main] INFO  com.jnshu.lucky.LuckyApplicationTests - No active profile set, falling back to default profiles: default
2019-06-30 15:11:21,698 [main] INFO  org.springframework.scheduling.concurrent.ThreadPoolTaskExecutor - Initializing ExecutorService 'applicationTaskExecutor'
2019-06-30 15:11:21,976 [main] INFO  com.jnshu.lucky.LuckyApplicationTests - Started LuckyApplicationTests in 2.346 seconds (JVM running for 3.038)
2019-06-30 15:11:22,125 [main] INFO  com.zaxxer.hikari.HikariDataSource - HikariPool-1 - Starting...
2019-06-30 15:11:23,670 [main] INFO  com.zaxxer.hikari.HikariDataSource - HikariPool-1 - Start completed.
2019-06-30 15:11:23,716 [Thread-2] INFO  org.springframework.scheduling.concurrent.ThreadPoolTaskExecutor - Shutting down ExecutorService 'applicationTaskExecutor'
2019-06-30 15:11:23,717 [Thread-2] INFO  com.zaxxer.hikari.HikariDataSource - HikariPool-1 - Shutdown initiated...
2019-06-30 15:11:23,720 [Thread-2] INFO  com.zaxxer.hikari.HikariDataSource - HikariPool-1 - Shutdown completed.
2019-06-30 15:27:31,263 [main] INFO  com.jnshu.lucky.LuckyApplicationTests - Starting LuckyApplicationTests on DESKTOP-S0O45GG with PID 19168 (started by 59200 in E:\IdeaProjects\lucky)
2019-06-30 15:27:31,264 [main] INFO  com.jnshu.lucky.LuckyApplicationTests - No active profile set, falling back to default profiles: default
2019-06-30 15:27:32,840 [main] INFO  org.springframework.scheduling.concurrent.ThreadPoolTaskExecutor - Initializing ExecutorService 'applicationTaskExecutor'
2019-06-30 15:27:33,106 [main] INFO  com.jnshu.lucky.LuckyApplicationTests - Started LuckyApplicationTests in 2.222 seconds (JVM running for 2.983)
2019-06-30 15:27:33,260 [main] INFO  com.zaxxer.hikari.HikariDataSource - HikariPool-1 - Starting...
2019-06-30 15:27:34,789 [main] INFO  com.zaxxer.hikari.HikariDataSource - HikariPool-1 - Start completed.
2019-06-30 15:27:34,836 [Thread-2] INFO  org.springframework.scheduling.concurrent.ThreadPoolTaskExecutor - Shutting down ExecutorService 'applicationTaskExecutor'
2019-06-30 15:27:34,836 [Thread-2] INFO  com.zaxxer.hikari.HikariDataSource - HikariPool-1 - Shutdown initiated...
2019-06-30 15:27:34,840 [Thread-2] INFO  com.zaxxer.hikari.HikariDataSource - HikariPool-1 - Shutdown completed.
2019-06-30 15:27:55,537 [main] INFO  com.jnshu.lucky.LuckyApplicationTests - Starting LuckyApplicationTests on DESKTOP-S0O45GG with PID 17880 (started by 59200 in E:\IdeaProjects\lucky)
2019-06-30 15:27:55,537 [main] INFO  com.jnshu.lucky.LuckyApplicationTests - No active profile set, falling back to default profiles: default
2019-06-30 15:27:56,983 [main] INFO  org.springframework.scheduling.concurrent.ThreadPoolTaskExecutor - Initializing ExecutorService 'applicationTaskExecutor'
2019-06-30 15:27:57,253 [main] INFO  com.jnshu.lucky.LuckyApplicationTests - Started LuckyApplicationTests in 2.062 seconds (JVM running for 2.778)
2019-06-30 15:27:57,393 [main] INFO  com.zaxxer.hikari.HikariDataSource - HikariPool-1 - Starting...
2019-06-30 15:27:58,916 [main] INFO  com.zaxxer.hikari.HikariDataSource - HikariPool-1 - Start completed.
2019-06-30 15:27:58,958 [Thread-2] INFO  org.springframework.scheduling.concurrent.ThreadPoolTaskExecutor - Shutting down ExecutorService 'applicationTaskExecutor'
2019-06-30 15:27:58,959 [Thread-2] INFO  com.zaxxer.hikari.HikariDataSource - HikariPool-1 - Shutdown initiated...
2019-06-30 15:27:58,962 [Thread-2] INFO  com.zaxxer.hikari.HikariDataSource - HikariPool-1 - Shutdown completed.
2019-06-30 15:28:38,141 [main] INFO  com.jnshu.lucky.LuckyApplicationTests - Starting LuckyApplicationTests on DESKTOP-S0O45GG with PID 7272 (started by 59200 in E:\IdeaProjects\lucky)
2019-06-30 15:28:38,142 [main] INFO  com.jnshu.lucky.LuckyApplicationTests - No active profile set, falling back to default profiles: default
2019-06-30 15:28:39,683 [main] INFO  org.springframework.scheduling.concurrent.ThreadPoolTaskExecutor - Initializing ExecutorService 'applicationTaskExecutor'
2019-06-30 15:28:39,951 [main] INFO  com.jnshu.lucky.LuckyApplicationTests - Started LuckyApplicationTests in 2.187 seconds (JVM running for 2.891)
2019-06-30 15:28:40,094 [main] INFO  com.zaxxer.hikari.HikariDataSource - HikariPool-1 - Starting...
2019-06-30 15:28:41,611 [main] INFO  com.zaxxer.hikari.HikariDataSource - HikariPool-1 - Start completed.
2019-06-30 15:28:41,659 [Thread-2] INFO  org.springframework.scheduling.concurrent.ThreadPoolTaskExecutor - Shutting down ExecutorService 'applicationTaskExecutor'
2019-06-30 15:28:41,660 [Thread-2] INFO  com.zaxxer.hikari.HikariDataSource - HikariPool-1 - Shutdown initiated...
2019-06-30 15:28:41,663 [Thread-2] INFO  com.zaxxer.hikari.HikariDataSource - HikariPool-1 - Shutdown completed.
2019-06-30 15:35:06,072 [main] INFO  com.jnshu.lucky.LuckyApplicationTests - Starting LuckyApplicationTests on DESKTOP-S0O45GG with PID 5764 (started by 59200 in E:\IdeaProjects\lucky)
2019-06-30 15:35:06,073 [main] INFO  com.jnshu.lucky.LuckyApplicationTests - No active profile set, falling back to default profiles: default
2019-06-30 15:35:07,571 [main] INFO  org.springframework.scheduling.concurrent.ThreadPoolTaskExecutor - Initializing ExecutorService 'applicationTaskExecutor'
2019-06-30 15:35:07,850 [main] INFO  com.jnshu.lucky.LuckyApplicationTests - Started LuckyApplicationTests in 2.182 seconds (JVM running for 2.937)
2019-06-30 15:35:07,995 [main] INFO  com.zaxxer.hikari.HikariDataSource - HikariPool-1 - Starting...
2019-06-30 15:35:09,528 [main] INFO  com.zaxxer.hikari.HikariDataSource - HikariPool-1 - Start completed.
2019-06-30 15:35:09,575 [Thread-2] INFO  org.springframework.scheduling.concurrent.ThreadPoolTaskExecutor - Shutting down ExecutorService 'applicationTaskExecutor'
2019-06-30 15:35:09,576 [Thread-2] INFO  com.zaxxer.hikari.HikariDataSource - HikariPool-1 - Shutdown initiated...
2019-06-30 15:35:09,580 [Thread-2] INFO  com.zaxxer.hikari.HikariDataSource - HikariPool-1 - Shutdown completed.
2019-06-30 15:35:20,585 [main] INFO  com.jnshu.lucky.LuckyApplicationTests - Starting LuckyApplicationTests on DESKTOP-S0O45GG with PID 21256 (started by 59200 in E:\IdeaProjects\lucky)
2019-06-30 15:35:20,586 [main] INFO  com.jnshu.lucky.LuckyApplicationTests - No active profile set, falling back to default profiles: default
2019-06-30 15:35:22,218 [main] INFO  org.springframework.scheduling.concurrent.ThreadPoolTaskExecutor - Initializing ExecutorService 'applicationTaskExecutor'
2019-06-30 15:35:22,487 [main] INFO  com.jnshu.lucky.LuckyApplicationTests - Started LuckyApplicationTests in 2.294 seconds (JVM running for 2.982)
2019-06-30 15:35:22,621 [main] INFO  com.zaxxer.hikari.HikariDataSource - HikariPool-1 - Starting...
2019-06-30 15:35:24,203 [main] INFO  com.zaxxer.hikari.HikariDataSource - HikariPool-1 - Start completed.
2019-06-30 15:35:24,247 [Thread-2] INFO  org.springframework.scheduling.concurrent.ThreadPoolTaskExecutor - Shutting down ExecutorService 'applicationTaskExecutor'
2019-06-30 15:35:24,248 [Thread-2] INFO  com.zaxxer.hikari.HikariDataSource - HikariPool-1 - Shutdown initiated...
2019-06-30 15:35:24,251 [Thread-2] INFO  com.zaxxer.hikari.HikariDataSource - HikariPool-1 - Shutdown completed.
2019-06-30 15:38:15,197 [main] INFO  com.jnshu.lucky.LuckyApplicationTests - Starting LuckyApplicationTests on DESKTOP-S0O45GG with PID 18132 (started by 59200 in E:\IdeaProjects\lucky)
2019-06-30 15:38:15,198 [main] INFO  com.jnshu.lucky.LuckyApplicationTests - No active profile set, falling back to default profiles: default
2019-06-30 15:38:16,757 [main] INFO  org.springframework.scheduling.concurrent.ThreadPoolTaskExecutor - Initializing ExecutorService 'applicationTaskExecutor'
2019-06-30 15:38:17,039 [main] INFO  com.jnshu.lucky.LuckyApplicationTests - Started LuckyApplicationTests in 2.203 seconds (JVM running for 2.879)
2019-06-30 15:38:17,179 [main] INFO  com.zaxxer.hikari.HikariDataSource - HikariPool-1 - Starting...
2019-06-30 15:38:18,688 [main] INFO  com.zaxxer.hikari.HikariDataSource - HikariPool-1 - Start completed.
2019-06-30 15:38:18,730 [Thread-2] INFO  org.springframework.scheduling.concurrent.ThreadPoolTaskExecutor - Shutting down ExecutorService 'applicationTaskExecutor'
2019-06-30 15:38:18,730 [Thread-2] INFO  com.zaxxer.hikari.HikariDataSource - HikariPool-1 - Shutdown initiated...
2019-06-30 15:38:18,733 [Thread-2] INFO  com.zaxxer.hikari.HikariDataSource - HikariPool-1 - Shutdown completed.
2019-06-30 15:38:33,736 [main] INFO  com.jnshu.lucky.LuckyApplicationTests - Starting LuckyApplicationTests on DESKTOP-S0O45GG with PID 19284 (started by 59200 in E:\IdeaProjects\lucky)
2019-06-30 15:38:33,737 [main] INFO  com.jnshu.lucky.LuckyApplicationTests - No active profile set, falling back to default profiles: default
2019-06-30 15:38:35,283 [main] INFO  org.springframework.scheduling.concurrent.ThreadPoolTaskExecutor - Initializing ExecutorService 'applicationTaskExecutor'
2019-06-30 15:38:35,565 [main] INFO  com.jnshu.lucky.LuckyApplicationTests - Started LuckyApplicationTests in 2.18 seconds (JVM running for 2.862)
2019-06-30 15:38:35,714 [main] INFO  com.zaxxer.hikari.HikariDataSource - HikariPool-1 - Starting...
2019-06-30 15:38:37,242 [main] INFO  com.zaxxer.hikari.HikariDataSource - HikariPool-1 - Start completed.
2019-06-30 15:38:37,281 [Thread-2] INFO  org.springframework.scheduling.concurrent.ThreadPoolTaskExecutor - Shutting down ExecutorService 'applicationTaskExecutor'
2019-06-30 15:38:37,281 [Thread-2] INFO  com.zaxxer.hikari.HikariDataSource - HikariPool-1 - Shutdown initiated...
2019-06-30 15:38:37,284 [Thread-2] INFO  com.zaxxer.hikari.HikariDataSource - HikariPool-1 - Shutdown completed.
2019-06-30 15:39:24,547 [main] INFO  com.jnshu.lucky.LuckyApplicationTests - Starting LuckyApplicationTests on DESKTOP-S0O45GG with PID 20428 (started by 59200 in E:\IdeaProjects\lucky)
2019-06-30 15:39:24,548 [main] INFO  com.jnshu.lucky.LuckyApplicationTests - No active profile set, falling back to default profiles: default
2019-06-30 15:39:26,015 [main] INFO  org.springframework.scheduling.concurrent.ThreadPoolTaskExecutor - Initializing ExecutorService 'applicationTaskExecutor'
2019-06-30 15:39:26,316 [main] INFO  com.jnshu.lucky.LuckyApplicationTests - Started LuckyApplicationTests in 2.12 seconds (JVM running for 2.865)
2019-06-30 15:39:26,471 [main] INFO  com.zaxxer.hikari.HikariDataSource - HikariPool-1 - Starting...
2019-06-30 15:39:27,969 [main] INFO  com.zaxxer.hikari.HikariDataSource - HikariPool-1 - Start completed.
2019-06-30 15:39:28,009 [Thread-2] INFO  org.springframework.scheduling.concurrent.ThreadPoolTaskExecutor - Shutting down ExecutorService 'applicationTaskExecutor'
2019-06-30 15:39:28,009 [Thread-2] INFO  com.zaxxer.hikari.HikariDataSource - HikariPool-1 - Shutdown initiated...
2019-06-30 15:39:28,012 [Thread-2] INFO  com.zaxxer.hikari.HikariDataSource - HikariPool-1 - Shutdown completed.
2019-06-30 15:40:02,684 [main] INFO  com.jnshu.lucky.LuckyApplicationTests - Starting LuckyApplicationTests on DESKTOP-S0O45GG with PID 18140 (started by 59200 in E:\IdeaProjects\lucky)
2019-06-30 15:40:02,685 [main] INFO  com.jnshu.lucky.LuckyApplicationTests - No active profile set, falling back to default profiles: default
2019-06-30 15:40:04,224 [main] INFO  org.springframework.scheduling.concurrent.ThreadPoolTaskExecutor - Initializing ExecutorService 'applicationTaskExecutor'
2019-06-30 15:40:04,492 [main] INFO  com.jnshu.lucky.LuckyApplicationTests - Started LuckyApplicationTests in 2.159 seconds (JVM running for 2.85)
2019-06-30 15:40:04,626 [main] INFO  com.zaxxer.hikari.HikariDataSource - HikariPool-1 - Starting...
2019-06-30 15:40:06,145 [main] INFO  com.zaxxer.hikari.HikariDataSource - HikariPool-1 - Start completed.
2019-06-30 15:40:06,198 [Thread-2] INFO  org.springframework.scheduling.concurrent.ThreadPoolTaskExecutor - Shutting down ExecutorService 'applicationTaskExecutor'
2019-06-30 15:40:06,198 [Thread-2] INFO  com.zaxxer.hikari.HikariDataSource - HikariPool-1 - Shutdown initiated...
2019-06-30 15:40:06,201 [Thread-2] INFO  com.zaxxer.hikari.HikariDataSource - HikariPool-1 - Shutdown completed.
2019-06-30 15:48:24,238 [main] INFO  com.jnshu.lucky.LuckyApplicationTests - Starting LuckyApplicationTests on DESKTOP-S0O45GG with PID 21056 (started by 59200 in E:\IdeaProjects\lucky)
2019-06-30 15:48:24,239 [main] INFO  com.jnshu.lucky.LuckyApplicationTests - No active profile set, falling back to default profiles: default
2019-06-30 15:48:25,780 [main] INFO  org.springframework.scheduling.concurrent.ThreadPoolTaskExecutor - Initializing ExecutorService 'applicationTaskExecutor'
2019-06-30 15:48:26,046 [main] INFO  com.jnshu.lucky.LuckyApplicationTests - Started LuckyApplicationTests in 2.19 seconds (JVM running for 2.926)
2019-06-30 15:48:26,188 [main] INFO  com.zaxxer.hikari.HikariDataSource - HikariPool-1 - Starting...
2019-06-30 15:48:27,683 [main] INFO  com.zaxxer.hikari.HikariDataSource - HikariPool-1 - Start completed.
2019-06-30 15:48:27,735 [Thread-2] INFO  org.springframework.scheduling.concurrent.ThreadPoolTaskExecutor - Shutting down ExecutorService 'applicationTaskExecutor'
2019-06-30 15:48:27,735 [Thread-2] INFO  com.zaxxer.hikari.HikariDataSource - HikariPool-1 - Shutdown initiated...
2019-06-30 15:48:27,738 [Thread-2] INFO  com.zaxxer.hikari.HikariDataSource - HikariPool-1 - Shutdown completed.
2019-06-30 15:50:00,734 [main] INFO  com.jnshu.lucky.LuckyApplicationTests - Starting LuckyApplicationTests on DESKTOP-S0O45GG with PID 14328 (started by 59200 in E:\IdeaProjects\lucky)
2019-06-30 15:50:00,735 [main] INFO  com.jnshu.lucky.LuckyApplicationTests - No active profile set, falling back to default profiles: default
2019-06-30 15:50:02,311 [main] INFO  org.springframework.scheduling.concurrent.ThreadPoolTaskExecutor - Initializing ExecutorService 'applicationTaskExecutor'
2019-06-30 15:50:02,599 [main] INFO  com.jnshu.lucky.LuckyApplicationTests - Started LuckyApplicationTests in 2.24 seconds (JVM running for 2.947)
2019-06-30 15:50:02,747 [main] INFO  com.zaxxer.hikari.HikariDataSource - HikariPool-1 - Starting...
2019-06-30 15:50:04,282 [main] INFO  com.zaxxer.hikari.HikariDataSource - HikariPool-1 - Start completed.
2019-06-30 15:50:04,326 [Thread-2] INFO  org.springframework.scheduling.concurrent.ThreadPoolTaskExecutor - Shutting down ExecutorService 'applicationTaskExecutor'
2019-06-30 15:50:04,327 [Thread-2] INFO  com.zaxxer.hikari.HikariDataSource - HikariPool-1 - Shutdown initiated...
2019-06-30 15:50:04,330 [Thread-2] INFO  com.zaxxer.hikari.HikariDataSource - HikariPool-1 - Shutdown completed.
2019-06-30 15:51:29,840 [main] INFO  com.jnshu.lucky.LuckyApplicationTests - Starting LuckyApplicationTests on DESKTOP-S0O45GG with PID 3856 (started by 59200 in E:\IdeaProjects\lucky)
2019-06-30 15:51:29,841 [main] INFO  com.jnshu.lucky.LuckyApplicationTests - No active profile set, falling back to default profiles: default
2019-06-30 15:51:31,250 [main] INFO  org.springframework.scheduling.concurrent.ThreadPoolTaskExecutor - Initializing ExecutorService 'applicationTaskExecutor'
2019-06-30 15:51:31,525 [main] INFO  com.jnshu.lucky.LuckyApplicationTests - Started LuckyApplicationTests in 2.053 seconds (JVM running for 2.735)
2019-06-30 15:51:31,680 [main] INFO  com.zaxxer.hikari.HikariDataSource - HikariPool-1 - Starting...
2019-06-30 15:51:33,159 [main] INFO  com.zaxxer.hikari.HikariDataSource - HikariPool-1 - Start completed.
2019-06-30 15:51:33,201 [Thread-2] INFO  org.springframework.scheduling.concurrent.ThreadPoolTaskExecutor - Shutting down ExecutorService 'applicationTaskExecutor'
2019-06-30 15:51:33,202 [Thread-2] INFO  com.zaxxer.hikari.HikariDataSource - HikariPool-1 - Shutdown initiated...
2019-06-30 15:51:33,205 [Thread-2] INFO  com.zaxxer.hikari.HikariDataSource - HikariPool-1 - Shutdown completed.
